mode: set
github.com/mscno/esec/cmd/esec/commands/cli.go:32.16,41.15 4 0
github.com/mscno/esec/cmd/esec/commands/cli.go:41.15,43.3 1 0
github.com/mscno/esec/cmd/esec/commands/cli.go:44.2,44.26 1 0
github.com/mscno/esec/cmd/esec/commands/cli.go:44.26,46.3 1 0
github.com/mscno/esec/cmd/esec/commands/cli.go:47.2,50.24 3 0
github.com/mscno/esec/cmd/esec/commands/cli.go:56.45,58.16 2 0
github.com/mscno/esec/cmd/esec/commands/cli.go:58.16,60.3 1 0
github.com/mscno/esec/cmd/esec/commands/cli.go:62.2,64.12 2 0
github.com/mscno/esec/cmd/esec/commands/cli.go:72.46,111.2 3 0
github.com/mscno/esec/cmd/esec/commands/cli.go:120.46,134.20 2 0
github.com/mscno/esec/cmd/esec/commands/cli.go:134.20,136.17 2 0
github.com/mscno/esec/cmd/esec/commands/cli.go:136.17,138.4 1 0
github.com/mscno/esec/cmd/esec/commands/cli.go:139.3,139.21 1 0
github.com/mscno/esec/cmd/esec/commands/cli.go:142.2,144.16 3 0
github.com/mscno/esec/cmd/esec/commands/cli.go:144.16,146.3 1 0
github.com/mscno/esec/cmd/esec/commands/cli.go:147.2,149.12 3 0
github.com/mscno/esec/cmd/test/main.go:11.13,14.16 2 0
github.com/mscno/esec/cmd/test/main.go:14.16,17.3 2 0
github.com/mscno/esec/cmd/test/main.go:20.2,21.16 2 0
github.com/mscno/esec/cmd/test/main.go:21.16,24.3 2 0
github.com/mscno/esec/cmd/test/main.go:26.2,26.49 1 0
github.com/mscno/esec/cmd/test/main.go:30.51,33.6 2 0
github.com/mscno/esec/cmd/test/main.go:33.6,36.33 3 0
github.com/mscno/esec/cmd/test/main.go:36.33,38.4 1 0
github.com/mscno/esec/cmd/test/main.go:41.3,42.28 2 0
github.com/mscno/esec/cmd/test/main.go:42.28,43.9 1 0
github.com/mscno/esec/cmd/test/main.go:45.3,45.23 1 0
github.com/mscno/esec/cmd/test/main.go:48.2,48.50 1 0
github.com/mscno/esec/cmd/test/main.go:52.51,55.16 3 0
github.com/mscno/esec/cmd/test/main.go:55.16,57.3 1 0
github.com/mscno/esec/cmd/test/main.go:58.2,62.21 4 0
github.com/mscno/esec/cmd/test/main.go:62.21,66.53 2 0
github.com/mscno/esec/cmd/test/main.go:66.53,68.12 2 0
github.com/mscno/esec/cmd/test/main.go:72.3,72.22 1 0
github.com/mscno/esec/cmd/test/main.go:72.22,73.40 1 0
github.com/mscno/esec/cmd/test/main.go:73.40,77.5 2 0
github.com/mscno/esec/cmd/test/main.go:79.4,79.36 1 0
github.com/mscno/esec/cmd/test/main.go:79.36,81.5 1 0
github.com/mscno/esec/cmd/test/main.go:85.2,85.38 1 0
github.com/mscno/esec/cmd/test/main.go:85.38,87.3 1 0
github.com/mscno/esec/cmd/test/main.go:89.2,89.54 1 0
github.com/mscno/esec/cmd/esec/main.go:5.13,7.2 1 0
github.com/mscno/esec/pkg/dotenv/dotenv.go:14.75,16.16 2 0
github.com/mscno/esec/pkg/dotenv/dotenv.go:16.16,18.3 1 0
github.com/mscno/esec/pkg/dotenv/dotenv.go:19.2,20.9 2 0
github.com/mscno/esec/pkg/dotenv/dotenv.go:20.9,22.3 1 0
github.com/mscno/esec/pkg/dotenv/dotenv.go:24.2,24.38 1 0
github.com/mscno/esec/pkg/dotenv/dotenv.go:27.111,30.21 3 0
github.com/mscno/esec/pkg/dotenv/dotenv.go:30.21,37.63 3 0
github.com/mscno/esec/pkg/dotenv/dotenv.go:37.63,39.12 2 0
github.com/mscno/esec/pkg/dotenv/dotenv.go:43.3,44.22 2 0
github.com/mscno/esec/pkg/dotenv/dotenv.go:44.22,47.12 2 0
github.com/mscno/esec/pkg/dotenv/dotenv.go:50.3,53.35 2 0
github.com/mscno/esec/pkg/dotenv/dotenv.go:53.35,55.18 2 0
github.com/mscno/esec/pkg/dotenv/dotenv.go:55.18,57.5 1 0
github.com/mscno/esec/pkg/dotenv/dotenv.go:59.4,59.26 1 0
github.com/mscno/esec/pkg/dotenv/dotenv.go:63.3,63.57 1 0
github.com/mscno/esec/pkg/dotenv/dotenv.go:67.2,67.38 1 0
github.com/mscno/esec/pkg/dotenv/dotenv.go:67.38,69.3 1 0
github.com/mscno/esec/pkg/dotenv/dotenv.go:71.2,71.28 1 0
github.com/mscno/esec/pkg/format/format.go:27.75,34.9 4 0
github.com/mscno/esec/pkg/format/format.go:34.9,36.10 2 0
github.com/mscno/esec/pkg/format/format.go:36.10,38.4 1 0
github.com/mscno/esec/pkg/format/format.go:40.2,41.9 2 0
github.com/mscno/esec/pkg/format/format.go:41.9,43.3 1 0
github.com/mscno/esec/pkg/format/format.go:45.2,46.16 2 0
github.com/mscno/esec/pkg/format/format.go:46.16,48.3 1 0
github.com/mscno/esec/pkg/format/format.go:50.2,50.17 1 0
github.com/mscno/esec/pkg/format/format.go:53.44,54.19 1 0
github.com/mscno/esec/pkg/format/format.go:54.19,56.3 1 0
github.com/mscno/esec/pkg/format/format.go:57.2,58.16 2 0
github.com/mscno/esec/pkg/format/format.go:58.16,60.3 1 0
github.com/mscno/esec/pkg/format/format.go:61.2,61.19 1 0
github.com/mscno/esec/pkg/format/format.go:61.19,63.3 1 0
github.com/mscno/esec/pkg/format/format.go:64.2,66.17 3 0
github.com/mscno/esec/pkg/logger/logger.go:35.47,37.2 1 1
github.com/mscno/esec/pkg/logger/logger.go:49.71,51.2 1 1
github.com/mscno/esec/pkg/logger/logger.go:53.61,55.2 1 0
github.com/mscno/esec/pkg/logger/logger.go:57.55,59.2 1 0
github.com/mscno/esec/pkg/logger/logger.go:64.27,66.15 2 0
github.com/mscno/esec/pkg/logger/logger.go:66.15,69.3 2 0
github.com/mscno/esec/pkg/logger/logger.go:70.2,70.43 1 0
github.com/mscno/esec/pkg/logger/logger.go:70.43,72.3 1 0
github.com/mscno/esec/pkg/logger/logger.go:74.2,76.16 3 0
github.com/mscno/esec/pkg/logger/logger.go:76.16,78.3 1 0
github.com/mscno/esec/pkg/logger/logger.go:79.2,79.19 1 0
github.com/mscno/esec/pkg/logger/logger.go:82.34,83.17 1 0
github.com/mscno/esec/pkg/logger/logger.go:83.17,85.3 1 0
github.com/mscno/esec/pkg/logger/logger.go:86.2,86.10 1 0
github.com/mscno/esec/pkg/logger/logger.go:89.68,93.17 2 0
github.com/mscno/esec/pkg/logger/logger.go:94.23,95.33 1 0
github.com/mscno/esec/pkg/logger/logger.go:96.22,97.32 1 0
github.com/mscno/esec/pkg/logger/logger.go:98.22,99.39 1 0
github.com/mscno/esec/pkg/logger/logger.go:100.23,101.36 1 0
github.com/mscno/esec/pkg/logger/logger.go:104.2,105.16 2 0
github.com/mscno/esec/pkg/logger/logger.go:105.16,107.3 1 0
github.com/mscno/esec/pkg/logger/logger.go:109.2,109.21 1 0
github.com/mscno/esec/pkg/logger/logger.go:109.21,116.3 2 0
github.com/mscno/esec/pkg/logger/logger.go:118.2,119.26 2 0
github.com/mscno/esec/pkg/logger/logger.go:119.26,121.3 1 0
github.com/mscno/esec/pkg/logger/logger.go:123.2,130.12 2 0
github.com/mscno/esec/pkg/logger/logger.go:135.39,136.54 1 1
github.com/mscno/esec/pkg/logger/logger.go:136.54,139.29 1 0
github.com/mscno/esec/pkg/logger/logger.go:139.29,141.4 1 0
github.com/mscno/esec/pkg/logger/logger.go:142.3,142.18 1 0
github.com/mscno/esec/pkg/logger/logger.go:142.18,144.4 1 0
github.com/mscno/esec/pkg/logger/logger.go:145.3,145.25 1 0
github.com/mscno/esec/pkg/logger/logger.go:149.53,150.17 1 1
github.com/mscno/esec/pkg/logger/logger.go:150.17,152.3 1 0
github.com/mscno/esec/pkg/logger/logger.go:153.2,162.3 2 1
github.com/mscno/esec/pkg/logger/logger.go:174.31,175.25 1 1
github.com/mscno/esec/pkg/logger/logger.go:175.25,177.3 1 1
github.com/mscno/esec/pkg/logger/logger.go:187.45,188.25 1 1
github.com/mscno/esec/pkg/logger/logger.go:188.25,190.3 1 1
github.com/mscno/esec/pkg/logger/logger.go:193.34,194.25 1 0
github.com/mscno/esec/pkg/logger/logger.go:194.25,196.3 1 0
github.com/mscno/esec/pkg/logger/logger.go:199.35,200.25 1 0
github.com/mscno/esec/pkg/logger/logger.go:200.25,202.3 1 0
github.com/mscno/esec/pkg/logger/logger.go:205.55,208.28 2 1
github.com/mscno/esec/pkg/logger/logger.go:208.28,210.3 1 1
github.com/mscno/esec/pkg/logger/logger.go:212.2,214.13 3 1
github.com/mscno/esec/pkg/logger/logger.go:214.13,216.3 1 1
github.com/mscno/esec/pkg/logger/logger.go:218.2,219.16 2 1
github.com/mscno/esec/pkg/logger/logger.go:219.16,221.3 1 0
github.com/mscno/esec/pkg/logger/logger.go:223.2,224.28 2 1
github.com/mscno/esec/pkg/logger/logger.go:224.28,230.3 1 1
github.com/mscno/esec/pkg/logger/logger.go:230.8,236.3 1 1
github.com/mscno/esec/pkg/logger/logger.go:238.2,241.10 3 1
github.com/mscno/esec/pkg/logger/logger.go:251.97,252.54 1 1
github.com/mscno/esec/pkg/logger/logger.go:252.54,253.29 1 1
github.com/mscno/esec/pkg/logger/logger.go:253.29,256.15 3 1
github.com/mscno/esec/pkg/logger/logger.go:256.15,258.5 1 0
github.com/mscno/esec/pkg/logger/logger.go:259.4,260.42 2 1
github.com/mscno/esec/pkg/logger/logger.go:262.3,262.18 1 1
github.com/mscno/esec/pkg/logger/logger.go:262.18,264.4 1 1
github.com/mscno/esec/pkg/logger/logger.go:265.3,265.25 1 0
github.com/mscno/esec/esec.go:33.61,35.38 2 1
github.com/mscno/esec/esec.go:35.38,37.3 1 0
github.com/mscno/esec/esec.go:38.2,38.51 1 1
github.com/mscno/esec/esec.go:72.90,75.16 2 0
github.com/mscno/esec/esec.go:75.16,77.3 1 0
github.com/mscno/esec/esec.go:80.2,80.23 1 0
github.com/mscno/esec/esec.go:80.23,82.3 1 0
github.com/mscno/esec/esec.go:85.2,86.16 2 0
github.com/mscno/esec/esec.go:86.16,88.3 1 0
github.com/mscno/esec/esec.go:91.2,92.16 2 0
github.com/mscno/esec/esec.go:92.16,94.3 1 0
github.com/mscno/esec/esec.go:97.2,98.16 2 0
github.com/mscno/esec/esec.go:98.16,100.3 1 0
github.com/mscno/esec/esec.go:102.2,102.43 1 0
github.com/mscno/esec/esec.go:110.52,112.16 2 1
github.com/mscno/esec/esec.go:112.16,114.3 1 0
github.com/mscno/esec/esec.go:115.2,116.16 2 1
github.com/mscno/esec/esec.go:116.16,118.3 1 0
github.com/mscno/esec/esec.go:120.2,121.16 2 1
github.com/mscno/esec/esec.go:121.16,123.3 1 0
github.com/mscno/esec/esec.go:125.2,126.16 2 1
github.com/mscno/esec/esec.go:126.16,128.3 1 0
github.com/mscno/esec/esec.go:130.2,131.16 2 1
github.com/mscno/esec/esec.go:131.16,133.3 1 0
github.com/mscno/esec/esec.go:135.2,135.63 1 1
github.com/mscno/esec/esec.go:135.63,137.3 1 0
github.com/mscno/esec/esec.go:139.2,139.26 1 1
github.com/mscno/esec/esec.go:142.79,145.16 2 1
github.com/mscno/esec/esec.go:145.16,147.3 1 0
github.com/mscno/esec/esec.go:149.2,150.16 2 1
github.com/mscno/esec/esec.go:150.16,152.3 1 1
github.com/mscno/esec/esec.go:153.2,153.33 1 1
github.com/mscno/esec/esec.go:156.70,159.20 2 1
github.com/mscno/esec/esec.go:160.11,161.40 1 0
github.com/mscno/esec/esec.go:162.13,163.36 1 1
github.com/mscno/esec/esec.go:164.10,165.63 1 0
github.com/mscno/esec/esec.go:168.2,169.16 2 1
github.com/mscno/esec/esec.go:169.16,171.3 1 1
github.com/mscno/esec/esec.go:174.2,176.16 3 1
github.com/mscno/esec/esec.go:176.16,178.3 1 0
github.com/mscno/esec/esec.go:181.2,184.16 3 1
github.com/mscno/esec/esec.go:184.16,186.3 1 0
github.com/mscno/esec/esec.go:187.2,187.27 1 1
github.com/mscno/esec/esec.go:190.94,193.16 3 0
github.com/mscno/esec/esec.go:193.16,195.3 1 0
github.com/mscno/esec/esec.go:197.2,199.16 3 0
github.com/mscno/esec/esec.go:199.16,201.3 1 0
github.com/mscno/esec/esec.go:203.2,204.16 2 0
github.com/mscno/esec/esec.go:204.16,206.3 1 0
github.com/mscno/esec/esec.go:208.2,210.16 3 0
github.com/mscno/esec/esec.go:210.16,212.3 1 0
github.com/mscno/esec/esec.go:214.2,215.16 2 0
github.com/mscno/esec/esec.go:215.16,217.3 1 0
github.com/mscno/esec/esec.go:219.2,219.27 1 0
github.com/mscno/esec/esec.go:222.141,225.16 2 1
github.com/mscno/esec/esec.go:225.16,227.3 1 0
github.com/mscno/esec/esec.go:229.2,230.16 2 1
github.com/mscno/esec/esec.go:230.16,232.3 1 1
github.com/mscno/esec/esec.go:234.2,235.16 2 1
github.com/mscno/esec/esec.go:235.16,237.3 1 1
github.com/mscno/esec/esec.go:239.2,239.33 1 1
github.com/mscno/esec/esec.go:242.88,244.20 2 1
github.com/mscno/esec/esec.go:245.11,246.40 1 0
github.com/mscno/esec/esec.go:247.13,248.36 1 1
github.com/mscno/esec/esec.go:249.10,250.63 1 0
github.com/mscno/esec/esec.go:252.2,254.16 3 1
github.com/mscno/esec/esec.go:254.16,256.3 1 1
github.com/mscno/esec/esec.go:257.2,268.16 6 1
github.com/mscno/esec/esec.go:268.16,270.3 1 1
github.com/mscno/esec/esec.go:271.2,272.27 2 1
github.com/mscno/esec/esec.go:275.37,279.38 2 0
github.com/mscno/esec/esec.go:279.38,280.50 1 0
github.com/mscno/esec/esec.go:280.50,283.4 2 0
github.com/mscno/esec/esec.go:286.2,286.22 1 0
github.com/mscno/esec/esec.go:287.9,288.17 1 0
github.com/mscno/esec/esec.go:289.9,291.37 1 0
github.com/mscno/esec/esec.go:291.37,293.4 1 0
github.com/mscno/esec/esec.go:294.3,294.84 1 0
github.com/mscno/esec/esec.go:295.10,296.68 1 0
github.com/mscno/esec/esec.go:307.88,311.34 2 1
github.com/mscno/esec/esec.go:311.34,314.3 2 1
github.com/mscno/esec/esec.go:317.2,318.19 2 1
github.com/mscno/esec/esec.go:318.19,320.3 1 0
github.com/mscno/esec/esec.go:321.2,325.64 4 1
github.com/mscno/esec/esec.go:325.64,327.3 1 0
github.com/mscno/esec/esec.go:330.2,334.16 4 1
github.com/mscno/esec/esec.go:334.16,335.37 1 1
github.com/mscno/esec/esec.go:335.37,337.4 1 1
github.com/mscno/esec/esec.go:338.3,338.88 1 0
github.com/mscno/esec/esec.go:342.2,343.16 2 0
github.com/mscno/esec/esec.go:343.16,345.3 1 0
github.com/mscno/esec/esec.go:348.2,349.12 2 0
github.com/mscno/esec/esec.go:349.12,351.3 1 0
github.com/mscno/esec/esec.go:354.2,354.39 1 0
github.com/mscno/esec/esec.go:358.49,360.16 2 1
github.com/mscno/esec/esec.go:360.16,362.3 1 0
github.com/mscno/esec/esec.go:363.2,363.23 1 1
github.com/mscno/esec/helper.go:12.53,17.35 2 1
github.com/mscno/esec/helper.go:17.35,18.62 1 1
github.com/mscno/esec/helper.go:18.62,21.4 2 1
github.com/mscno/esec/helper.go:24.2,24.56 1 0
github.com/mscno/esec/helper.go:29.86,41.35 3 1
github.com/mscno/esec/helper.go:41.35,42.57 1 1
github.com/mscno/esec/helper.go:42.57,44.9 2 1
github.com/mscno/esec/helper.go:48.2,48.12 1 1
github.com/mscno/esec/helper.go:48.12,52.17 3 1
github.com/mscno/esec/helper.go:52.17,54.4 1 0
github.com/mscno/esec/helper.go:55.3,55.33 1 1
github.com/mscno/esec/helper.go:59.2,61.46 2 1
github.com/mscno/esec/helper.go:61.46,63.3 1 1
github.com/mscno/esec/helper.go:65.2,65.35 1 1
github.com/mscno/esec/helper.go:65.35,66.78 1 1
github.com/mscno/esec/helper.go:66.78,68.4 1 1
github.com/mscno/esec/helper.go:71.2,71.13 1 1
github.com/mscno/esec/helper.go:71.13,74.17 2 1
github.com/mscno/esec/helper.go:74.17,76.4 1 0
github.com/mscno/esec/helper.go:79.2,79.29 1 1
github.com/mscno/esec/helper.go:83.56,88.39 4 1
github.com/mscno/esec/helper.go:88.39,90.38 2 1
github.com/mscno/esec/helper.go:90.38,92.9 2 1
github.com/mscno/esec/helper.go:96.2,96.20 1 1
github.com/mscno/esec/helper.go:96.20,98.3 1 0
github.com/mscno/esec/helper.go:100.2,101.21 2 1
github.com/mscno/esec/helper.go:101.21,103.3 1 1
github.com/mscno/esec/helper.go:105.2,105.33 1 1
github.com/mscno/esec/helper.go:108.78,113.27 2 1
github.com/mscno/esec/helper.go:113.27,115.3 1 0
github.com/mscno/esec/helper.go:117.2,117.23 1 1
github.com/mscno/esec/helper.go:117.23,119.3 1 1
github.com/mscno/esec/helper.go:121.2,121.55 1 1
github.com/mscno/esec/pkg/dotenv/dotenv.go:14.75,16.16 2 0
github.com/mscno/esec/pkg/dotenv/dotenv.go:16.16,18.3 1 0
github.com/mscno/esec/pkg/dotenv/dotenv.go:19.2,20.9 2 0
github.com/mscno/esec/pkg/dotenv/dotenv.go:20.9,22.3 1 0
github.com/mscno/esec/pkg/dotenv/dotenv.go:24.2,24.38 1 0
github.com/mscno/esec/pkg/dotenv/dotenv.go:27.111,30.21 3 0
github.com/mscno/esec/pkg/dotenv/dotenv.go:30.21,37.63 3 0
github.com/mscno/esec/pkg/dotenv/dotenv.go:37.63,39.12 2 0
github.com/mscno/esec/pkg/dotenv/dotenv.go:43.3,44.22 2 0
github.com/mscno/esec/pkg/dotenv/dotenv.go:44.22,47.12 2 0
github.com/mscno/esec/pkg/dotenv/dotenv.go:50.3,53.35 2 0
github.com/mscno/esec/pkg/dotenv/dotenv.go:53.35,55.18 2 0
github.com/mscno/esec/pkg/dotenv/dotenv.go:55.18,57.5 1 0
github.com/mscno/esec/pkg/dotenv/dotenv.go:59.4,59.26 1 0
github.com/mscno/esec/pkg/dotenv/dotenv.go:63.3,63.57 1 0
github.com/mscno/esec/pkg/dotenv/dotenv.go:67.2,67.38 1 0
github.com/mscno/esec/pkg/dotenv/dotenv.go:67.38,69.3 1 0
github.com/mscno/esec/pkg/dotenv/dotenv.go:71.2,71.28 1 0
github.com/mscno/esec/pkg/format/format.go:27.75,34.9 4 1
github.com/mscno/esec/pkg/format/format.go:34.9,36.10 2 1
github.com/mscno/esec/pkg/format/format.go:36.10,38.4 1 1
github.com/mscno/esec/pkg/format/format.go:40.2,41.9 2 1
github.com/mscno/esec/pkg/format/format.go:41.9,43.3 1 0
github.com/mscno/esec/pkg/format/format.go:45.2,46.16 2 1
github.com/mscno/esec/pkg/format/format.go:46.16,48.3 1 1
github.com/mscno/esec/pkg/format/format.go:50.2,50.17 1 1
github.com/mscno/esec/pkg/format/format.go:53.44,54.19 1 1
github.com/mscno/esec/pkg/format/format.go:54.19,56.3 1 1
github.com/mscno/esec/pkg/format/format.go:57.2,58.16 2 1
github.com/mscno/esec/pkg/format/format.go:58.16,60.3 1 0
github.com/mscno/esec/pkg/format/format.go:61.2,61.19 1 1
github.com/mscno/esec/pkg/format/format.go:61.19,63.3 1 0
github.com/mscno/esec/pkg/format/format.go:64.2,66.17 3 1
github.com/mscno/esec/pkg/crypto/boxed_message.go:34.39,36.2 1 1
github.com/mscno/esec/pkg/crypto/boxed_message.go:39.38,47.2 5 1
github.com/mscno/esec/pkg/crypto/boxed_message.go:50.48,55.26 4 1
github.com/mscno/esec/pkg/crypto/boxed_message.go:55.26,57.3 1 0
github.com/mscno/esec/pkg/crypto/boxed_message.go:58.2,59.23 2 1
github.com/mscno/esec/pkg/crypto/boxed_message.go:59.23,61.3 1 0
github.com/mscno/esec/pkg/crypto/boxed_message.go:63.2,69.16 6 1
github.com/mscno/esec/pkg/crypto/boxed_message.go:69.16,71.3 1 0
github.com/mscno/esec/pkg/crypto/boxed_message.go:73.2,74.16 2 1
github.com/mscno/esec/pkg/crypto/boxed_message.go:74.16,76.3 1 0
github.com/mscno/esec/pkg/crypto/boxed_message.go:77.2,78.25 2 1
github.com/mscno/esec/pkg/crypto/boxed_message.go:78.25,80.3 1 0
github.com/mscno/esec/pkg/crypto/boxed_message.go:81.2,86.16 5 1
github.com/mscno/esec/pkg/crypto/boxed_message.go:86.16,88.3 1 0
github.com/mscno/esec/pkg/crypto/boxed_message.go:89.2,90.27 2 1
github.com/mscno/esec/pkg/crypto/boxed_message.go:90.27,92.3 1 0
github.com/mscno/esec/pkg/crypto/boxed_message.go:93.2,98.16 5 1
github.com/mscno/esec/pkg/crypto/boxed_message.go:98.16,100.3 1 0
github.com/mscno/esec/pkg/crypto/boxed_message.go:101.2,103.12 2 1
github.com/mscno/esec/pkg/crypto/crypto.go:53.42,56.16 3 1
github.com/mscno/esec/pkg/crypto/crypto.go:56.16,58.3 1 0
github.com/mscno/esec/pkg/crypto/crypto.go:59.2,61.8 3 1
github.com/mscno/esec/pkg/crypto/crypto.go:65.41,67.2 1 1
github.com/mscno/esec/pkg/crypto/crypto.go:70.42,72.2 1 1
github.com/mscno/esec/pkg/crypto/crypto.go:76.61,78.2 1 1
github.com/mscno/esec/pkg/crypto/crypto.go:82.42,84.2 1 1
github.com/mscno/esec/pkg/crypto/crypto.go:88.64,96.2 3 1
github.com/mscno/esec/pkg/crypto/crypto.go:103.61,104.29 1 1
github.com/mscno/esec/pkg/crypto/crypto.go:104.29,106.3 1 1
github.com/mscno/esec/pkg/crypto/crypto.go:107.2,108.16 2 1
github.com/mscno/esec/pkg/crypto/crypto.go:108.16,110.3 1 0
github.com/mscno/esec/pkg/crypto/crypto.go:111.2,111.33 1 1
github.com/mscno/esec/pkg/crypto/crypto.go:114.68,116.16 2 1
github.com/mscno/esec/pkg/crypto/crypto.go:116.16,118.3 1 0
github.com/mscno/esec/pkg/crypto/crypto.go:119.2,130.8 6 1
github.com/mscno/esec/pkg/crypto/crypto.go:137.61,139.41 2 1
github.com/mscno/esec/pkg/crypto/crypto.go:139.41,141.3 1 0
github.com/mscno/esec/pkg/crypto/crypto.go:142.2,142.23 1 1
github.com/mscno/esec/pkg/crypto/crypto.go:145.63,151.9 2 1
github.com/mscno/esec/pkg/crypto/crypto.go:151.9,153.3 1 0
github.com/mscno/esec/pkg/crypto/crypto.go:154.2,154.23 1 1
github.com/mscno/esec/pkg/crypto/crypto.go:157.45,160.16 3 1
github.com/mscno/esec/pkg/crypto/crypto.go:160.16,162.3 1 0
github.com/mscno/esec/pkg/crypto/crypto.go:163.2,163.13 1 1
github.com/mscno/esec/pkg/crypto/crypto.go:163.13,165.3 1 0
github.com/mscno/esec/pkg/crypto/crypto.go:166.2,166.8 1 1
github.com/mscno/esec/pkg/format/format.go:27.75,34.9 4 1
github.com/mscno/esec/pkg/format/format.go:34.9,36.10 2 0
github.com/mscno/esec/pkg/format/format.go:36.10,38.4 1 0
github.com/mscno/esec/pkg/format/format.go:40.2,41.9 2 1
github.com/mscno/esec/pkg/format/format.go:41.9,43.3 1 0
github.com/mscno/esec/pkg/format/format.go:45.2,46.16 2 1
github.com/mscno/esec/pkg/format/format.go:46.16,48.3 1 0
github.com/mscno/esec/pkg/format/format.go:50.2,50.17 1 1
github.com/mscno/esec/pkg/format/format.go:53.44,54.19 1 1
github.com/mscno/esec/pkg/format/format.go:54.19,56.3 1 0
github.com/mscno/esec/pkg/format/format.go:57.2,58.16 2 1
github.com/mscno/esec/pkg/format/format.go:58.16,60.3 1 0
github.com/mscno/esec/pkg/format/format.go:61.2,61.19 1 1
github.com/mscno/esec/pkg/format/format.go:61.19,63.3 1 0
github.com/mscno/esec/pkg/format/format.go:64.2,66.17 3 1
github.com/mscno/esec/pkg/json/pipeline.go:22.30,29.2 3 1
github.com/mscno/esec/pkg/json/pipeline.go:31.26,32.26 1 1
github.com/mscno/esec/pkg/json/pipeline.go:32.26,33.14 1 1
github.com/mscno/esec/pkg/json/pipeline.go:33.14,35.4 1 1
github.com/mscno/esec/pkg/json/pipeline.go:35.9,35.26 1 1
github.com/mscno/esec/pkg/json/pipeline.go:35.26,37.22 2 1
github.com/mscno/esec/pkg/json/pipeline.go:37.22,39.5 1 0
github.com/mscno/esec/pkg/json/pipeline.go:40.4,40.43 1 1
github.com/mscno/esec/pkg/json/pipeline.go:41.9,43.4 1 1
github.com/mscno/esec/pkg/json/pipeline.go:47.43,49.2 1 1
github.com/mscno/esec/pkg/json/pipeline.go:51.39,53.2 1 1
github.com/mscno/esec/pkg/json/pipeline.go:55.59,58.2 2 1
github.com/mscno/esec/pkg/json/pipeline.go:60.44,66.2 5 1
github.com/mscno/esec/pkg/json/pipeline.go:68.40,69.29 1 1
github.com/mscno/esec/pkg/json/pipeline.go:69.29,72.3 2 1
github.com/mscno/esec/pkg/json/public_key.go:9.73,12.51 2 1
github.com/mscno/esec/pkg/json/public_key.go:12.51,14.3 1 0
github.com/mscno/esec/pkg/json/public_key.go:16.2,16.43 1 1
github.com/mscno/esec/pkg/json/scalar_value_transformer.go:39.19,48.25 4 1
github.com/mscno/esec/pkg/json/scalar_value_transformer.go:48.25,49.49 1 1
github.com/mscno/esec/pkg/json/scalar_value_transformer.go:50.46,50.46 0 1
github.com/mscno/esec/pkg/json/scalar_value_transformer.go:52.30,54.20 2 1
github.com/mscno/esec/pkg/json/scalar_value_transformer.go:55.27,61.43 3 1
github.com/mscno/esec/pkg/json/scalar_value_transformer.go:62.23,65.42 2 0
github.com/mscno/esec/pkg/json/scalar_value_transformer.go:66.21,68.24 1 1
github.com/mscno/esec/pkg/json/scalar_value_transformer.go:69.11,70.17 1 1
github.com/mscno/esec/pkg/json/scalar_value_transformer.go:70.17,76.47 2 1
github.com/mscno/esec/pkg/json/scalar_value_transformer.go:76.47,78.6 1 1
github.com/mscno/esec/pkg/json/scalar_value_transformer.go:78.11,80.30 2 1
github.com/mscno/esec/pkg/json/scalar_value_transformer.go:80.30,84.7 3 1
github.com/mscno/esec/pkg/json/scalar_value_transformer.go:85.6,85.30 1 1
github.com/mscno/esec/pkg/json/scalar_value_transformer.go:89.3,89.17 1 1
github.com/mscno/esec/pkg/json/scalar_value_transformer.go:89.17,93.4 1 1
github.com/mscno/esec/pkg/json/scalar_value_transformer.go:95.2,95.37 1 1
github.com/mscno/esec/pkg/json/scalar_value_transformer.go:95.37,99.3 2 0
github.com/mscno/esec/pkg/json/scalar_value_transformer.go:100.2,100.22 1 1
github.com/mscno/esec/pkg/json/scalar_value_transformer.go:106.19,108.9 2 1
github.com/mscno/esec/pkg/json/scalar_value_transformer.go:108.9,110.3 1 0
github.com/mscno/esec/pkg/json/scalar_value_transformer.go:111.2,112.16 2 1
github.com/mscno/esec/pkg/json/scalar_value_transformer.go:112.16,114.3 1 0
github.com/mscno/esec/pkg/json/scalar_value_transformer.go:115.2,115.25 1 1
github.com/mscno/esec/pkg/json/scalar_value_transformer.go:119.44,122.16 3 1
github.com/mscno/esec/pkg/json/scalar_value_transformer.go:122.16,124.3 1 0
github.com/mscno/esec/pkg/json/scalar_value_transformer.go:125.2,125.33 1 1
